Smoke Analysis Run : Wed May 18 16:00:41 2022


Reference Designator = R5
Info:
	Smoke test RV will not be done.
	The Maximum Operating Value is not defined.

Reference Designator = D2
Info:
	Smoke test IF will not be done.
	The Maximum Operating Value is not defined.

Reference Designator = D4
Info:
	Smoke test IF will not be done.
	The Maximum Operating Value is not defined.

Reference Designator = U3A
Info:
	Smoke test IMINUS will not be done.
	The Maximum Operating Value is not defined.

Reference Designator = U3A
Info:
	Smoke test IPLUS will not be done.
	The Maximum Operating Value is not defined.

Reference Designator = U3A
Info:
	Smoke test IOUT will not be done.
	The Maximum Operating Value is not defined.

Reference Designator = U3A
Info:
	Smoke test VSUPM will not be done.
	The Maximum Operating Value is not defined.

Reference Designator = R4
Info:
	Smoke test RV will not be done.
	The Maximum Operating Value is not defined.

Reference Designator = R1
Info:
	Smoke test RV will not be done.
	The Maximum Operating Value is not defined.

Reference Designator = R2
Info:
	Smoke test RV will not be done.
	The Maximum Operating Value is not defined.

Reference Designator = D3
Info:
	Smoke test IF will not be done.
	The Maximum Operating Value is not defined.

Reference Designator = Q1
Info:
	Smoke test SB will not be done.
	The Maximum Operating Value is not defined.

Reference Designator = D1
Info:
	Smoke test IF will not be done.
	The Maximum Operating Value is not defined.

Reference Designator = R7
Info:
	Smoke test RV will not be done.
	The Maximum Operating Value is not defined.

Reference Designator = Q2
Info:
	Smoke test SB will not be done.
	The Maximum Operating Value is not defined.

Reference Designator = R8
Info:
	Smoke test PDM will not be done.
	The Maximum Operating Value is not defined.

Reference Designator = R8
Info:
	Smoke test RV will not be done.
	The Maximum Operating Value is not defined.

Reference Designator = R8
Info:
	Smoke test TB will not be done.
	The Maximum Operating Value is not defined.

Reference Designator = D2
Warning:
	The default PDM value specified in the
	design property map will be used during smoke check.
	The following information is missing in the design property map:
		RCA
		RJC

Reference Designator = D4
Warning:
	The default PDM value specified in the
	design property map will be used during smoke check.
	The following information is missing in the design property map:
		RCA
		RJC

Reference Designator = D3
Warning:
	The default PDM value specified in the
	design property map will be used during smoke check.
	The following information is missing in the design property map:
		RCA
		RJC

Reference Designator = Q1
Warning:
	The default PDM value specified in the
	design property map will be used during smoke check.
	The following information is missing in the design property map:
		RCA

Reference Designator = D1
Warning:
	The default PDM value specified in the
	design property map will be used during smoke check.
	The following information is missing in the design property map:
		RCA
		RJC

Reference Designator = Q2
Warning:
	The default PDM value specified in the
	design property map will be used during smoke check.
	The following information is missing in the design property map:
		RCA

Reference Designator = R5
Warning: Deration
INFO(ORPSPAA-7028): TBreak (Tknee)is less than Simulation Temprature. Check the slope[RSMAX] or maximum temperature[RTMAX].

Reference Designator = R5
Info: Deration
	Tbrk Calculated:0.000000

Reference Designator = R5
Warning: Deration
INFO(ORPSPAA-7028): TBreak (Tknee)is less than Simulation Temprature. Check the slope[RSMAX] or maximum temperature[RTMAX].

Reference Designator = R5
Info: Deration
	Tbrk Calculated:0.000000

Reference Designator = R5
Warning: Deration
INFO(ORPSPAA-7028): TBreak (Tknee)is less than Simulation Temprature. Check the slope[RSMAX] or maximum temperature[RTMAX].

Reference Designator = R5
Info: Deration
	Tbrk Calculated:0.000000

Reference Designator = R4
Warning: Deration
INFO(ORPSPAA-7028): TBreak (Tknee)is less than Simulation Temprature. Check the slope[RSMAX] or maximum temperature[RTMAX].

Reference Designator = R4
Info: Deration
	Tbrk Calculated:0.000000

Reference Designator = R4
Warning: Deration
INFO(ORPSPAA-7028): TBreak (Tknee)is less than Simulation Temprature. Check the slope[RSMAX] or maximum temperature[RTMAX].

Reference Designator = R4
Info: Deration
	Tbrk Calculated:0.000000

Reference Designator = R4
Warning: Deration
INFO(ORPSPAA-7028): TBreak (Tknee)is less than Simulation Temprature. Check the slope[RSMAX] or maximum temperature[RTMAX].

Reference Designator = R4
Info: Deration
	Tbrk Calculated:0.000000

Reference Designator = R1
Warning: Deration
INFO(ORPSPAA-7028): TBreak (Tknee)is less than Simulation Temprature. Check the slope[RSMAX] or maximum temperature[RTMAX].

Reference Designator = R1
Info: Deration
	Tbrk Calculated:0.000000

Reference Designator = R1
Warning: Deration
INFO(ORPSPAA-7028): TBreak (Tknee)is less than Simulation Temprature. Check the slope[RSMAX] or maximum temperature[RTMAX].

Reference Designator = R1
Info: Deration
	Tbrk Calculated:0.000000

Reference Designator = R1
Warning: Deration
INFO(ORPSPAA-7028): TBreak (Tknee)is less than Simulation Temprature. Check the slope[RSMAX] or maximum temperature[RTMAX].

Reference Designator = R1
Info: Deration
	Tbrk Calculated:0.000000

Reference Designator = R2
Warning: Deration
INFO(ORPSPAA-7028): TBreak (Tknee)is less than Simulation Temprature. Check the slope[RSMAX] or maximum temperature[RTMAX].

Reference Designator = R2
Info: Deration
	Tbrk Calculated:0.000000

Reference Designator = R2
Warning: Deration
INFO(ORPSPAA-7028): TBreak (Tknee)is less than Simulation Temprature. Check the slope[RSMAX] or maximum temperature[RTMAX].

Reference Designator = R2
Info: Deration
	Tbrk Calculated:0.000000

Reference Designator = R2
Warning: Deration
INFO(ORPSPAA-7028): TBreak (Tknee)is less than Simulation Temprature. Check the slope[RSMAX] or maximum temperature[RTMAX].

Reference Designator = R2
Info: Deration
	Tbrk Calculated:0.000000

Reference Designator = R7
Warning: Deration
INFO(ORPSPAA-7028): TBreak (Tknee)is less than Simulation Temprature. Check the slope[RSMAX] or maximum temperature[RTMAX].

Reference Designator = R7
Info: Deration
	Tbrk Calculated:0.000000

Reference Designator = R7
Warning: Deration
INFO(ORPSPAA-7028): TBreak (Tknee)is less than Simulation Temprature. Check the slope[RSMAX] or maximum temperature[RTMAX].

Reference Designator = R7
Info: Deration
	Tbrk Calculated:0.000000

Reference Designator = R7
Warning: Deration
INFO(ORPSPAA-7028): TBreak (Tknee)is less than Simulation Temprature. Check the slope[RSMAX] or maximum temperature[RTMAX].

Reference Designator = R7
Info: Deration
	Tbrk Calculated:0.000000


***** Analysis Summary *****

Reference Designator = R5
	The following parameter(s) had undefined
	Maximum Operating Value(s)
		RV


Reference Designator = D2
	The following parameter(s) had undefined
	Maximum Operating Value(s)
		IF


Reference Designator = C1


Reference Designator = D4
	The following parameter(s) had undefined
	Maximum Operating Value(s)
		IF


Reference Designator = U3A
	The following parameter(s) exceeded the
	Maximum Operating Value(s) specified
		VMMAX ( RMS )
		VMMIN ( RMS )
		VPMAX ( RMS )
		VPMIN ( RMS )
	The following parameter(s) had undefined
	Maximum Operating Value(s)
		IMINUS
		IPLUS
		IOUT
		VSUPM


Reference Designator = R4
	The following parameter(s) had undefined
	Maximum Operating Value(s)
		RV


Reference Designator = R1
	The following parameter(s) had undefined
	Maximum Operating Value(s)
		RV


Reference Designator = R2
	The following parameter(s) had undefined
	Maximum Operating Value(s)
		RV


Reference Designator = D3
	The following parameter(s) had undefined
	Maximum Operating Value(s)
		IF


Reference Designator = Q1
	The following parameter(s) had undefined
	Maximum Operating Value(s)
		SB


Reference Designator = D1
	The following parameter(s) had undefined
	Maximum Operating Value(s)
		IF


Reference Designator = R7
	The following parameter(s) had undefined
	Maximum Operating Value(s)
		RV


Reference Designator = Q2
	The following parameter(s) had undefined
	Maximum Operating Value(s)
		SB


Reference Designator = R8
	The following parameter(s) had undefined
	Maximum Operating Value(s)
		PDM
		RV
		TB


Reference Designator = D5


